mode: set
github.com/Mitra-Apps/be-user-service/service/auth.go:42.75,47.2 1 1
github.com/Mitra-Apps/be-user-service/service/auth.go:51.99,52.25 1 1
github.com/Mitra-Apps/be-user-service/service/auth.go:52.25,54.3 1 0
github.com/Mitra-Apps/be-user-service/service/auth.go:56.2,57.34 2 1
github.com/Mitra-Apps/be-user-service/service/auth.go:57.34,59.3 1 1
github.com/Mitra-Apps/be-user-service/service/auth.go:61.2,65.16 3 1
github.com/Mitra-Apps/be-user-service/service/auth.go:65.16,67.3 1 0
github.com/Mitra-Apps/be-user-service/service/auth.go:68.2,69.16 2 1
github.com/Mitra-Apps/be-user-service/service/auth.go:69.16,71.3 1 0
github.com/Mitra-Apps/be-user-service/service/auth.go:74.2,75.16 2 1
github.com/Mitra-Apps/be-user-service/service/auth.go:75.16,77.3 1 0
github.com/Mitra-Apps/be-user-service/service/auth.go:78.2,79.16 2 1
github.com/Mitra-Apps/be-user-service/service/auth.go:79.16,81.3 1 0
github.com/Mitra-Apps/be-user-service/service/auth.go:83.2,106.16 7 1
github.com/Mitra-Apps/be-user-service/service/auth.go:106.16,108.3 1 0
github.com/Mitra-Apps/be-user-service/service/auth.go:109.2,110.16 2 1
github.com/Mitra-Apps/be-user-service/service/auth.go:110.16,112.3 1 0
github.com/Mitra-Apps/be-user-service/service/auth.go:113.2,116.8 1 1
github.com/Mitra-Apps/be-user-service/service/auth.go:122.103,123.84 1 1
github.com/Mitra-Apps/be-user-service/service/auth.go:123.84,124.58 1 1
github.com/Mitra-Apps/be-user-service/service/auth.go:124.58,126.4 1 0
github.com/Mitra-Apps/be-user-service/service/auth.go:127.3,127.31 1 1
github.com/Mitra-Apps/be-user-service/service/auth.go:130.2,130.16 1 1
github.com/Mitra-Apps/be-user-service/service/auth.go:130.16,132.3 1 0
github.com/Mitra-Apps/be-user-service/service/auth.go:134.2,135.25 2 1
github.com/Mitra-Apps/be-user-service/service/auth.go:135.25,137.3 1 0
github.com/Mitra-Apps/be-user-service/service/auth.go:139.2,141.16 3 1
github.com/Mitra-Apps/be-user-service/service/auth.go:141.16,143.3 1 0
github.com/Mitra-Apps/be-user-service/service/auth.go:145.2,146.16 2 1
github.com/Mitra-Apps/be-user-service/service/auth.go:146.16,148.3 1 0
github.com/Mitra-Apps/be-user-service/service/auth.go:150.2,151.16 2 1
github.com/Mitra-Apps/be-user-service/service/auth.go:151.16,153.3 1 0
github.com/Mitra-Apps/be-user-service/service/auth.go:155.2,155.33 1 1
github.com/Mitra-Apps/be-user-service/service/auth.go:155.33,163.3 1 0
github.com/Mitra-Apps/be-user-service/service/auth.go:165.2,166.16 2 1
github.com/Mitra-Apps/be-user-service/service/auth.go:166.16,168.3 1 0
github.com/Mitra-Apps/be-user-service/service/auth.go:170.2,171.28 2 1
github.com/Mitra-Apps/be-user-service/service/auth.go:171.28,173.32 2 1
github.com/Mitra-Apps/be-user-service/service/auth.go:173.32,175.4 1 1
github.com/Mitra-Apps/be-user-service/service/auth.go:178.2,188.17 2 1
github.com/Mitra-Apps/be-user-service/service/service.go:34.32,42.2 1 1
github.com/Mitra-Apps/be-user-service/service/userService.go:24.71,26.16 2 1
github.com/Mitra-Apps/be-user-service/service/userService.go:26.16,28.3 1 1
github.com/Mitra-Apps/be-user-service/service/userService.go:29.2,29.19 1 1
github.com/Mitra-Apps/be-user-service/service/userService.go:32.97,35.16 2 1
github.com/Mitra-Apps/be-user-service/service/userService.go:35.16,36.49 1 1
github.com/Mitra-Apps/be-user-service/service/userService.go:36.49,40.4 3 1
github.com/Mitra-Apps/be-user-service/service/userService.go:40.9,44.4 3 1
github.com/Mitra-Apps/be-user-service/service/userService.go:45.3,45.70 1 1
github.com/Mitra-Apps/be-user-service/service/userService.go:48.2,48.36 1 1
github.com/Mitra-Apps/be-user-service/service/userService.go:48.36,53.3 4 1
github.com/Mitra-Apps/be-user-service/service/userService.go:55.2,55.106 1 1
github.com/Mitra-Apps/be-user-service/service/userService.go:55.106,57.57 2 1
github.com/Mitra-Apps/be-user-service/service/userService.go:57.57,59.4 1 1
github.com/Mitra-Apps/be-user-service/service/userService.go:60.3,61.37 2 1
github.com/Mitra-Apps/be-user-service/service/userService.go:61.37,65.4 3 1
github.com/Mitra-Apps/be-user-service/service/userService.go:66.3,68.70 3 1
github.com/Mitra-Apps/be-user-service/service/userService.go:71.2,71.22 1 1
github.com/Mitra-Apps/be-user-service/service/userService.go:71.22,76.3 4 1
github.com/Mitra-Apps/be-user-service/service/userService.go:78.2,79.18 2 1
github.com/Mitra-Apps/be-user-service/service/userService.go:82.106,85.16 2 1
github.com/Mitra-Apps/be-user-service/service/userService.go:85.16,87.3 1 1
github.com/Mitra-Apps/be-user-service/service/userService.go:89.2,99.63 3 1
github.com/Mitra-Apps/be-user-service/service/userService.go:99.63,104.3 4 1
github.com/Mitra-Apps/be-user-service/service/userService.go:106.2,106.17 1 1
github.com/Mitra-Apps/be-user-service/service/userService.go:106.17,107.26 1 1
github.com/Mitra-Apps/be-user-service/service/userService.go:108.14,111.67 3 1
github.com/Mitra-Apps/be-user-service/service/userService.go:112.13,115.61 3 1
github.com/Mitra-Apps/be-user-service/service/userService.go:117.3,117.70 1 1
github.com/Mitra-Apps/be-user-service/service/userService.go:120.2,120.71 1 1
github.com/Mitra-Apps/be-user-service/service/userService.go:120.71,125.3 4 1
github.com/Mitra-Apps/be-user-service/service/userService.go:127.2,134.16 6 1
github.com/Mitra-Apps/be-user-service/service/userService.go:134.16,137.3 2 0
github.com/Mitra-Apps/be-user-service/service/userService.go:139.2,140.16 2 1
github.com/Mitra-Apps/be-user-service/service/userService.go:140.16,143.3 2 1
github.com/Mitra-Apps/be-user-service/service/userService.go:145.2,151.24 2 1
github.com/Mitra-Apps/be-user-service/service/userService.go:154.76,156.2 1 1
github.com/Mitra-Apps/be-user-service/service/userService.go:158.71,161.16 3 1
github.com/Mitra-Apps/be-user-service/service/userService.go:161.16,163.3 1 1
github.com/Mitra-Apps/be-user-service/service/userService.go:164.2,164.19 1 1
github.com/Mitra-Apps/be-user-service/service/userService.go:167.107,171.16 3 1
github.com/Mitra-Apps/be-user-service/service/userService.go:171.16,176.3 4 1
github.com/Mitra-Apps/be-user-service/service/userService.go:177.2,177.21 1 1
github.com/Mitra-Apps/be-user-service/service/userService.go:177.21,182.3 4 1
github.com/Mitra-Apps/be-user-service/service/userService.go:184.2,184.61 1 1
github.com/Mitra-Apps/be-user-service/service/userService.go:184.61,186.3 1 1
github.com/Mitra-Apps/be-user-service/service/userService.go:188.2,188.78 1 1
github.com/Mitra-Apps/be-user-service/service/userService.go:188.78,193.3 4 1
github.com/Mitra-Apps/be-user-service/service/userService.go:195.2,195.18 1 1
github.com/Mitra-Apps/be-user-service/service/userService.go:198.69,200.16 2 1
github.com/Mitra-Apps/be-user-service/service/userService.go:200.16,205.3 4 1
github.com/Mitra-Apps/be-user-service/service/userService.go:207.2,210.77 3 1
github.com/Mitra-Apps/be-user-service/service/userService.go:210.77,215.3 4 1
github.com/Mitra-Apps/be-user-service/service/userService.go:216.2,216.49 1 1
github.com/Mitra-Apps/be-user-service/service/userService.go:216.49,221.3 4 1
github.com/Mitra-Apps/be-user-service/service/userService.go:222.2,222.12 1 1
github.com/Mitra-Apps/be-user-service/service/userService.go:225.92,234.16 6 1
github.com/Mitra-Apps/be-user-service/service/userService.go:234.16,236.3 1 1
github.com/Mitra-Apps/be-user-service/service/userService.go:238.2,239.16 2 1
github.com/Mitra-Apps/be-user-service/service/userService.go:239.16,242.3 2 0
github.com/Mitra-Apps/be-user-service/service/userService.go:243.2,244.16 2 1
github.com/Mitra-Apps/be-user-service/service/userService.go:244.16,249.3 4 1
github.com/Mitra-Apps/be-user-service/service/userService.go:251.2,257.24 2 1
github.com/Mitra-Apps/be-user-service/service/userService.go:260.108,262.16 2 1
github.com/Mitra-Apps/be-user-service/service/userService.go:262.16,263.49 1 1
github.com/Mitra-Apps/be-user-service/service/userService.go:263.49,267.4 3 1
github.com/Mitra-Apps/be-user-service/service/userService.go:267.9,271.4 3 1
github.com/Mitra-Apps/be-user-service/service/userService.go:272.3,272.70 1 1
github.com/Mitra-Apps/be-user-service/service/userService.go:274.2,275.73 2 1
github.com/Mitra-Apps/be-user-service/service/userService.go:275.73,278.3 2 1
github.com/Mitra-Apps/be-user-service/service/userService.go:279.2,280.16 2 1
github.com/Mitra-Apps/be-user-service/service/userService.go:280.16,282.3 1 1
github.com/Mitra-Apps/be-user-service/service/userService.go:283.2,286.56 4 1
github.com/Mitra-Apps/be-user-service/service/userService.go:286.56,288.3 1 1
github.com/Mitra-Apps/be-user-service/service/userService.go:289.2,289.18 1 1
github.com/Mitra-Apps/be-user-service/service/userService.go:292.67,295.16 2 1
github.com/Mitra-Apps/be-user-service/service/userService.go:295.16,296.49 1 1
github.com/Mitra-Apps/be-user-service/service/userService.go:296.49,300.4 3 1
github.com/Mitra-Apps/be-user-service/service/userService.go:300.9,304.4 3 1
github.com/Mitra-Apps/be-user-service/service/userService.go:305.3,305.65 1 1
github.com/Mitra-Apps/be-user-service/service/userService.go:307.2,309.56 3 1
github.com/Mitra-Apps/be-user-service/service/userService.go:309.56,311.3 1 1
github.com/Mitra-Apps/be-user-service/service/userService.go:312.2,312.12 1 1
github.com/Mitra-Apps/be-user-service/service/userService.go:315.70,317.2 1 0
github.com/Mitra-Apps/be-user-service/service/userService.go:319.84,321.2 1 0
github.com/Mitra-Apps/be-user-service/service/userService.go:323.39,326.2 2 1
github.com/Mitra-Apps/be-user-service/handler/grpc/grpc.go:34.167,41.2 1 1
github.com/Mitra-Apps/be-user-service/handler/grpc/grpc.go:43.106,45.16 2 1
github.com/Mitra-Apps/be-user-service/handler/grpc/grpc.go:45.16,47.3 1 1
github.com/Mitra-Apps/be-user-service/handler/grpc/grpc.go:49.2,50.29 2 1
github.com/Mitra-Apps/be-user-service/handler/grpc/grpc.go:50.29,52.3 1 1
github.com/Mitra-Apps/be-user-service/handler/grpc/grpc.go:54.2,56.8 1 1
github.com/Mitra-Apps/be-user-service/handler/grpc/grpc.go:59.103,60.42 1 1
github.com/Mitra-Apps/be-user-service/handler/grpc/grpc.go:60.42,62.3 1 1
github.com/Mitra-Apps/be-user-service/handler/grpc/grpc.go:63.2,68.16 3 1
github.com/Mitra-Apps/be-user-service/handler/grpc/grpc.go:68.16,70.3 1 1
github.com/Mitra-Apps/be-user-service/handler/grpc/grpc.go:72.2,72.28 1 1
github.com/Mitra-Apps/be-user-service/handler/grpc/grpc.go:72.28,74.17 2 1
github.com/Mitra-Apps/be-user-service/handler/grpc/grpc.go:74.17,76.4 1 1
github.com/Mitra-Apps/be-user-service/handler/grpc/grpc.go:77.3,78.44 2 1
github.com/Mitra-Apps/be-user-service/handler/grpc/grpc.go:81.2,87.16 3 1
github.com/Mitra-Apps/be-user-service/handler/grpc/grpc.go:87.16,89.3 1 0
github.com/Mitra-Apps/be-user-service/handler/grpc/grpc.go:91.2,91.50 1 1
github.com/Mitra-Apps/be-user-service/handler/grpc/grpc.go:91.50,93.3 1 1
github.com/Mitra-Apps/be-user-service/handler/grpc/grpc.go:95.2,97.8 1 1
github.com/Mitra-Apps/be-user-service/handler/grpc/grpc.go:100.109,101.42 1 1
github.com/Mitra-Apps/be-user-service/handler/grpc/grpc.go:101.42,103.3 1 1
github.com/Mitra-Apps/be-user-service/handler/grpc/grpc.go:104.2,105.16 2 1
github.com/Mitra-Apps/be-user-service/handler/grpc/grpc.go:105.16,107.3 1 1
github.com/Mitra-Apps/be-user-service/handler/grpc/grpc.go:109.2,117.16 3 1
github.com/Mitra-Apps/be-user-service/handler/grpc/grpc.go:117.16,119.3 1 1
github.com/Mitra-Apps/be-user-service/handler/grpc/grpc.go:121.2,124.8 1 1
github.com/Mitra-Apps/be-user-service/handler/grpc/grpc.go:127.96,129.44 2 1
github.com/Mitra-Apps/be-user-service/handler/grpc/grpc.go:129.44,131.3 1 1
github.com/Mitra-Apps/be-user-service/handler/grpc/grpc.go:132.2,132.56 1 1
github.com/Mitra-Apps/be-user-service/handler/grpc/grpc.go:132.56,134.3 1 1
github.com/Mitra-Apps/be-user-service/handler/grpc/grpc.go:135.2,135.35 1 1
github.com/Mitra-Apps/be-user-service/handler/grpc/grpc.go:138.99,141.16 3 1
github.com/Mitra-Apps/be-user-service/handler/grpc/grpc.go:141.16,144.3 2 1
github.com/Mitra-Apps/be-user-service/handler/grpc/grpc.go:146.2,147.26 2 1
github.com/Mitra-Apps/be-user-service/handler/grpc/grpc.go:147.26,149.3 1 1
github.com/Mitra-Apps/be-user-service/handler/grpc/grpc.go:151.2,156.16 3 1
github.com/Mitra-Apps/be-user-service/handler/grpc/grpc.go:156.16,158.3 1 0
github.com/Mitra-Apps/be-user-service/handler/grpc/grpc.go:160.2,160.59 1 1
github.com/Mitra-Apps/be-user-service/handler/grpc/grpc.go:160.59,162.3 1 0
github.com/Mitra-Apps/be-user-service/handler/grpc/grpc.go:164.2,165.16 2 1
github.com/Mitra-Apps/be-user-service/handler/grpc/grpc.go:165.16,167.3 1 0
github.com/Mitra-Apps/be-user-service/handler/grpc/grpc.go:169.2,173.8 1 1
github.com/Mitra-Apps/be-user-service/handler/grpc/grpc.go:176.107,179.16 3 1
github.com/Mitra-Apps/be-user-service/handler/grpc/grpc.go:179.16,181.3 1 1
github.com/Mitra-Apps/be-user-service/handler/grpc/grpc.go:182.2,183.16 2 1
github.com/Mitra-Apps/be-user-service/handler/grpc/grpc.go:183.16,185.3 1 1
github.com/Mitra-Apps/be-user-service/handler/grpc/grpc.go:187.2,193.16 3 1
github.com/Mitra-Apps/be-user-service/handler/grpc/grpc.go:193.16,195.3 1 0
github.com/Mitra-Apps/be-user-service/handler/grpc/grpc.go:197.2,199.8 1 1
github.com/Mitra-Apps/be-user-service/handler/grpc/grpc.go:202.107,204.16 2 1
github.com/Mitra-Apps/be-user-service/handler/grpc/grpc.go:204.16,206.3 1 1
github.com/Mitra-Apps/be-user-service/handler/grpc/grpc.go:208.2,216.16 3 1
github.com/Mitra-Apps/be-user-service/handler/grpc/grpc.go:216.16,218.3 1 1
github.com/Mitra-Apps/be-user-service/handler/grpc/grpc.go:220.2,223.8 1 1
github.com/Mitra-Apps/be-user-service/handler/grpc/grpc.go:226.117,227.42 1 1
github.com/Mitra-Apps/be-user-service/handler/grpc/grpc.go:227.42,229.3 1 1
github.com/Mitra-Apps/be-user-service/handler/grpc/grpc.go:230.2,231.16 2 1
github.com/Mitra-Apps/be-user-service/handler/grpc/grpc.go:231.16,233.3 1 1
github.com/Mitra-Apps/be-user-service/handler/grpc/grpc.go:234.2,235.16 2 1
github.com/Mitra-Apps/be-user-service/handler/grpc/grpc.go:235.16,237.3 1 1
github.com/Mitra-Apps/be-user-service/handler/grpc/grpc.go:239.2,244.16 3 1
github.com/Mitra-Apps/be-user-service/handler/grpc/grpc.go:244.16,246.3 1 0
github.com/Mitra-Apps/be-user-service/handler/grpc/grpc.go:247.2,252.17 2 1
github.com/Mitra-Apps/be-user-service/handler/grpc/grpc.go:255.98,261.12 4 1
github.com/Mitra-Apps/be-user-service/handler/grpc/grpc.go:261.12,264.17 3 1
github.com/Mitra-Apps/be-user-service/handler/grpc/grpc.go:264.17,266.4 1 0
github.com/Mitra-Apps/be-user-service/handler/grpc/grpc.go:269.2,274.17 3 1
github.com/Mitra-Apps/be-user-service/handler/grpc/grpc.go:277.104,280.16 2 1
github.com/Mitra-Apps/be-user-service/handler/grpc/grpc.go:280.16,282.3 1 0
github.com/Mitra-Apps/be-user-service/handler/grpc/grpc.go:283.2,285.16 3 1
github.com/Mitra-Apps/be-user-service/handler/grpc/grpc.go:285.16,286.22 1 1
github.com/Mitra-Apps/be-user-service/handler/grpc/grpc.go:287.30,293.5 2 1
github.com/Mitra-Apps/be-user-service/handler/grpc/grpc.go:294.11,295.19 1 1
github.com/Mitra-Apps/be-user-service/handler/grpc/grpc.go:298.2,299.16 2 1
github.com/Mitra-Apps/be-user-service/handler/grpc/grpc.go:299.16,301.3 1 1
github.com/Mitra-Apps/be-user-service/handler/grpc/grpc.go:302.2,303.16 2 1
github.com/Mitra-Apps/be-user-service/handler/grpc/grpc.go:303.16,305.3 1 1
github.com/Mitra-Apps/be-user-service/handler/grpc/grpc.go:307.2,309.49 3 1
github.com/Mitra-Apps/be-user-service/handler/grpc/grpc.go:309.49,311.3 1 1
github.com/Mitra-Apps/be-user-service/handler/grpc/grpc.go:313.2,318.16 3 1
github.com/Mitra-Apps/be-user-service/handler/grpc/grpc.go:318.16,320.3 1 0
github.com/Mitra-Apps/be-user-service/handler/grpc/grpc.go:321.2,325.8 1 1
github.com/Mitra-Apps/be-user-service/handler/grpc/grpc.go:328.106,333.72 2 1
github.com/Mitra-Apps/be-user-service/handler/grpc/grpc.go:333.72,336.3 2 1
github.com/Mitra-Apps/be-user-service/handler/grpc/grpc.go:338.2,339.16 2 1
github.com/Mitra-Apps/be-user-service/handler/grpc/grpc.go:339.16,342.3 2 1
github.com/Mitra-Apps/be-user-service/handler/grpc/grpc.go:344.2,347.8 1 1
github.com/Mitra-Apps/be-user-service/domain/user/repository/postgre/role.go:16.51,20.2 1 1
github.com/Mitra-Apps/be-user-service/domain/user/repository/postgre/role.go:22.77,24.2 1 1
github.com/Mitra-Apps/be-user-service/domain/user/repository/postgre/role.go:26.76,28.65 2 1
github.com/Mitra-Apps/be-user-service/domain/user/repository/postgre/role.go:28.65,30.3 1 0
github.com/Mitra-Apps/be-user-service/domain/user/repository/postgre/role.go:31.2,31.19 1 1
github.com/Mitra-Apps/be-user-service/domain/user/repository/postgre/user.go:18.51,22.2 1 1
github.com/Mitra-Apps/be-user-service/domain/user/repository/postgre/user.go:24.76,26.76 2 1
github.com/Mitra-Apps/be-user-service/domain/user/repository/postgre/user.go:26.76,28.3 1 0
github.com/Mitra-Apps/be-user-service/domain/user/repository/postgre/user.go:29.2,29.22 1 1
github.com/Mitra-Apps/be-user-service/domain/user/repository/postgre/user.go:32.92,34.91 2 1
github.com/Mitra-Apps/be-user-service/domain/user/repository/postgre/user.go:34.91,36.3 1 1
github.com/Mitra-Apps/be-user-service/domain/user/repository/postgre/user.go:37.2,37.18 1 1
github.com/Mitra-Apps/be-user-service/domain/user/repository/postgre/user.go:40.89,42.85 2 1
github.com/Mitra-Apps/be-user-service/domain/user/repository/postgre/user.go:42.85,44.3 1 1
github.com/Mitra-Apps/be-user-service/domain/user/repository/postgre/user.go:45.2,45.18 1 1
github.com/Mitra-Apps/be-user-service/domain/user/repository/postgre/user.go:48.95,49.67 1 1
github.com/Mitra-Apps/be-user-service/domain/user/repository/postgre/user.go:49.67,50.47 1 1
github.com/Mitra-Apps/be-user-service/domain/user/repository/postgre/user.go:50.47,52.4 1 1
github.com/Mitra-Apps/be-user-service/domain/user/repository/postgre/user.go:53.3,53.34 1 1
github.com/Mitra-Apps/be-user-service/domain/user/repository/postgre/user.go:53.34,56.40 2 1
github.com/Mitra-Apps/be-user-service/domain/user/repository/postgre/user.go:56.40,58.5 1 1
github.com/Mitra-Apps/be-user-service/domain/user/repository/postgre/user.go:60.3,60.13 1 1
github.com/Mitra-Apps/be-user-service/domain/user/repository/postgre/user.go:62.2,62.12 1 1
github.com/Mitra-Apps/be-user-service/domain/user/repository/postgre/user.go:65.75,67.2 1 1
github.com/Mitra-Apps/be-user-service/domain/user/repository/postgre/user.go:69.91,75.22 4 1
github.com/Mitra-Apps/be-user-service/domain/user/repository/postgre/user.go:75.22,77.3 1 0
github.com/Mitra-Apps/be-user-service/domain/user/repository/postgre/user.go:78.2,78.18 1 1
